  Background.cpp
C:\dev\Netpix\Shooter\src\Game\Player.h(46,46): warning C4244: 'initializing': conversion from 'int' to 'float', possible loss of data
  (compiling source file 'src/Scene/Scene%20Components/Background.cpp')
  
C:\dev\Netpix\Shooter\src\Pathfinding\NavigationGraph.h(41,50): warning C4244: 'argument': conversion from 'float' to 'int', possible loss of data
  (compiling source file 'src/Scene/Scene%20Components/Background.cpp')
  
C:\dev\Netpix\Shooter\src\Pathfinding\NavigationGraph.h(41,37): warning C4244: 'argument': conversion from 'float' to 'int', possible loss of data
  (compiling source file 'src/Scene/Scene%20Components/Background.cpp')
  
C:\dev\Netpix\Shooter\src\Scene\Scene Components\Background.cpp(16,20): warning C4244: 'initializing': conversion from 'int' to 'float', possible loss of data
  Player.cpp
C:\dev\Netpix\Shooter\src\Game\Player.h(46,46): warning C4244: 'initializing': conversion from 'int' to 'float', possible loss of data
  (compiling source file 'src/Game/Player.cpp')
  
C:\dev\Netpix\Shooter\src\Pathfinding\NavigationGraph.h(41,50): warning C4244: 'argument': conversion from 'float' to 'int', possible loss of data
  (compiling source file 'src/Game/Player.cpp')
  
C:\dev\Netpix\Shooter\src\Pathfinding\NavigationGraph.h(41,37): warning C4244: 'argument': conversion from 'float' to 'int', possible loss of data
  (compiling source file 'src/Game/Player.cpp')
  
C:\dev\Netpix\Shooter\src\Game\Player.cpp(66,33): warning C4244: 'initializing': conversion from 'int' to 'float', possible loss of data
  main.cpp
C:\dev\Netpix\Shooter\src\Game\Player.h(46,46): warning C4244: 'initializing': conversion from 'int' to 'float', possible loss of data
  (compiling source file 'src/main.cpp')
  
C:\dev\Netpix\Shooter\src\Pathfinding\NavigationGraph.h(41,50): warning C4244: 'argument': conversion from 'float' to 'int', possible loss of data
  (compiling source file 'src/main.cpp')
  
C:\dev\Netpix\Shooter\src\Pathfinding\NavigationGraph.h(41,37): warning C4244: 'argument': conversion from 'float' to 'int', possible loss of data
  (compiling source file 'src/main.cpp')
  
  Generating Code...
  Shooter.vcxproj -> C:\dev\Netpix\x64\Debug\Shooter.exe
  'pwsh.exe' is not recognized as an internal or external command,
  operable program or batch file.
