c:\dev\shooter\shooter\shooter\x64\debug\vc143.pdb
c:\dev\shooter\shooter\shooter\x64\debug\vc143.idb
c:\dev\shooter\shooter\shooter\x64\debug\gameobjects.obj
c:\dev\shooter\shooter\shooter\x64\debug\main.obj
c:\dev\shooter\shooter\shooter\x64\debug\screenmanager.obj
c:\dev\shooter\shooter\shooter\x64\debug\player.obj
c:\dev\shooter\shooter\shooter\x64\debug\animation.obj
c:\dev\shooter\shooter\shooter\x64\debug\scene.obj
c:\dev\shooter\shooter\x64\debug\shooter.exe
c:\dev\shooter\shooter\x64\debug\shooter.pdb
c:\dev\shooter\shooter\x64\debug\raylib.dll
c:\dev\shooter\shooter\shooter\x64\debug\shooter.ilk
c:\dev\shooter\shooter\shooter\x64\debug\game.obj
c:\dev\shooter\shooter\shooter\x64\debug\sprite.obj
c:\dev\shooter\shooter\shooter\x64\debug\shooter.tlog\cl.command.1.tlog
c:\dev\shooter\shooter\shooter\x64\debug\shooter.tlog\cl.items.tlog
c:\dev\shooter\shooter\shooter\x64\debug\shooter.tlog\cl.read.1.tlog
c:\dev\shooter\shooter\shooter\x64\debug\shooter.tlog\cl.write.1.tlog
c:\dev\shooter\shooter\shooter\x64\debug\shooter.tlog\link.command.1.tlog
c:\dev\shooter\shooter\shooter\x64\debug\shooter.tlog\link.read.1.tlog
c:\dev\shooter\shooter\shooter\x64\debug\shooter.tlog\link.secondary.1.tlog
c:\dev\shooter\shooter\shooter\x64\debug\shooter.tlog\link.write.1.tlog
c:\dev\shooter\shooter\shooter\x64\debug\shooter.tlog\shooter.write.1u.tlog
